# JRE version: OpenJDK Runtime Environment (11.0.11+9) (build 11.0.11+9-b60-7590822)
# Java VM: OpenJDK 64-Bit Server VM (11.0.11+9-b60-7590822, mixed mode, tiered, compressed oops, g1 gc, windows-amd64)
Heap:
 garbage-first heap   total 206848K, used 144066K [0x00000000a0000000, 0x0000000100000000)
  region size 1024K, 35 young (35840K), 4 survivors (4096K)
 Metaspace       used 82441K, capacity 85859K, committed 86016K, reserved 1124352K
  class space    used 10829K, capacity 11936K, committed 12032K, reserved 1048576K
GC Heap History (20 events):
Event: 14.829 GC heap before
{Heap before GC invocations=50 (full 0):
 garbage-first heap   total 116736K, used 88626K [0x00000000a0000000, 0x0000000100000000)
  region size 1024K, 32 young (32768K), 4 survivors (4096K)
 Metaspace       used 69024K, capacity 70934K, committed 71040K, reserved 1110016K
  class space    used 8940K, capacity 9590K, committed 9600K, reserved 1048576K
}
Event: 14.834 GC heap after
{Heap after GC invocations=51 (full 0):
 garbage-first heap   total 116736K, used 62360K [0x00000000a0000000, 0x0000000100000000)
  region size 1024K, 4 young (4096K), 4 survivors (4096K)
 Metaspace       used 69024K, capacity 70934K, committed 71040K, reserved 1110016K
  class space    used 8940K, capacity 9590K, committed 9600K, reserved 1048576K
}
Event: 15.064 GC heap before
{Heap before GC invocations=51 (full 0):
 garbage-first heap   total 116736K, used 91032K [0x00000000a0000000, 0x0000000100000000)
  region size 1024K, 32 young (32768K), 4 survivors (4096K)
 Metaspace       used 69945K, capacity 71807K, committed 72064K, reserved 1112064K
  class space    used 9103K, capacity 9815K, committed 9856K, reserved 1048576K
}
Event: 15.072 GC heap after
{Heap after GC invocations=52 (full 0):
 garbage-first heap   total 143360K, used 65500K [0x00000000a0000000, 0x0000000100000000)
  region size 1024K, 4 young (4096K), 4 survivors (4096K)
 Metaspace       used 69945K, capacity 71807K, committed 72064K, reserved 1112064K
  class space    used 9103K, capacity 9815K, committed 9856K, reserved 1048576K
}
Event: 15.667 GC heap before
{Heap before GC invocations=53 (full 0):
 garbage-first heap   total 143360K, used 102364K [0x00000000a0000000, 0x0000000100000000)
  region size 1024K, 40 young (40960K), 4 survivors (4096K)
 Metaspace       used 71278K, capacity 73353K, committed 73600K, reserved 1112064K
  class space    used 9281K, capacity 10056K, committed 10112K, reserved 1048576K
}
Event: 15.675 GC heap after
{Heap after GC invocations=54 (full 0):
 garbage-first heap   total 143360K, used 70400K [0x00000000a0000000, 0x0000000100000000)
  region size 1024K, 5 young (5120K), 5 survivors (5120K)
 Metaspace       used 71278K, capacity 73353K, committed 73600K, reserved 1112064K
  class space    used 9281K, capacity 10056K, committed 10112K, reserved 1048576K
}
Event: 16.370 GC heap before
{Heap before GC invocations=54 (full 0):
 garbage-first heap   total 143360K, used 110336K [0x00000000a0000000, 0x0000000100000000)
  region size 1024K, 45 young (46080K), 5 survivors (5120K)
 Metaspace       used 72723K, capacity 75053K, committed 75392K, reserved 1114112K
  class space    used 9453K, capacity 10272K, committed 10368K, reserved 1048576K
}
Event: 16.382 GC heap after
{Heap after GC invocations=55 (full 0):
 garbage-first heap   total 143360K, used 78190K [0x00000000a0000000, 0x0000000100000000)
  region size 1024K, 6 young (6144K), 6 survivors (6144K)
 Metaspace       used 72723K, capacity 75053K, committed 75392K, reserved 1114112K
  class space    used 9453K, capacity 10272K, committed 10368K, reserved 1048576K
}
Event: 17.192 GC heap before
{Heap before GC invocations=56 (full 0):
 garbage-first heap   total 143360K, used 110958K [0x00000000a0000000, 0x0000000100000000)
  region size 1024K, 39 young (39936K), 6 survivors (6144K)
 Metaspace       used 73382K, capacity 76023K, committed 76288K, reserved 1116160K
  class space    used 9528K, capacity 10466K, committed 10496K, reserved 1048576K
}
Event: 17.201 GC heap after
{Heap after GC invocations=57 (full 0):
 garbage-first heap   total 143360K, used 83305K [0x00000000a0000000, 0x0000000100000000)
  region size 1024K, 5 young (5120K), 5 survivors (5120K)
 Metaspace       used 73382K, capacity 76023K, committed 76288K, reserved 1116160K
  class space    used 9528K, capacity 10466K, committed 10496K, reserved 1048576K
}
Event: 17.595 GC heap before
{Heap before GC invocations=57 (full 0):
 garbage-first heap   total 143360K, used 109929K [0x00000000a0000000, 0x0000000100000000)
  region size 1024K, 33 young (33792K), 5 survivors (5120K)
 Metaspace       used 73860K, capacity 76860K, committed 76928K, reserved 1116160K
  class space    used 9593K, capacity 10623K, committed 10624K, reserved 1048576K
}
Event: 17.611 GC heap after
{Heap after GC invocations=58 (full 0):
 garbage-first heap   total 172032K, used 88429K [0x00000000a0000000, 0x0000000100000000)
  region size 1024K, 5 young (5120K), 5 survivors (5120K)
 Metaspace       used 73860K, capacity 76860K, committed 76928K, reserved 1116160K
  class space    used 9593K, capacity 10623K, committed 10624K, reserved 1048576K
}
Event: 18.412 GC heap before
{Heap before GC invocations=59 (full 0):
 garbage-first heap   total 172032K, used 130413K [0x00000000a0000000, 0x0000000100000000)
  region size 1024K, 43 young (44032K), 5 survivors (5120K)
 Metaspace       used 75976K, capacity 79210K, committed 79360K, reserved 1118208K
  class space    used 9883K, capacity 10942K, committed 11008K, reserved 1048576K
}
Event: 18.435 GC heap after
{Heap after GC invocations=60 (full 0):
 garbage-first heap   total 172032K, used 98173K [0x00000000a0000000, 0x0000000100000000)
  region size 1024K, 6 young (6144K), 6 survivors (6144K)
 Metaspace       used 75976K, capacity 79210K, committed 79360K, reserved 1118208K
  class space    used 9883K, capacity 10942K, committed 11008K, reserved 1048576K
}
Event: 19.288 GC heap before
{Heap before GC invocations=60 (full 0):
 garbage-first heap   total 172032K, used 134013K [0x00000000a0000000, 0x0000000100000000)
  region size 1024K, 41 young (41984K), 6 survivors (6144K)
 Metaspace       used 79241K, capacity 82461K, committed 82688K, reserved 1120256K
  class space    used 10364K, capacity 11416K, committed 11520K, reserved 1048576K
}
Event: 19.307 GC heap after
{Heap after GC invocations=61 (full 0):
 garbage-first heap   total 172032K, used 100898K [0x00000000a0000000, 0x0000000100000000)
  region size 1024K, 3 young (3072K), 3 survivors (3072K)
 Metaspace       used 79241K, capacity 82461K, committed 82688K, reserved 1120256K
  class space    used 10364K, capacity 11416K, committed 11520K, reserved 1048576K
}
Event: 19.826 GC heap before
{Heap before GC invocations=62 (full 0):
 garbage-first heap   total 172032K, used 136738K [0x00000000a0000000, 0x0000000100000000)
  region size 1024K, 38 young (38912K), 3 survivors (3072K)
 Metaspace       used 80274K, capacity 83558K, committed 83840K, reserved 1122304K
  class space    used 10487K, capacity 11558K, committed 11648K, reserved 1048576K
}
Event: 19.840 GC heap after
{Heap after GC invocations=63 (full 0):
 garbage-first heap   total 172032K, used 108765K [0x00000000a0000000, 0x0000000100000000)
  region size 1024K, 5 young (5120K), 5 survivors (5120K)
 Metaspace       used 80274K, capacity 83558K, committed 83840K, reserved 1122304K
  class space    used 10487K, capacity 11558K, committed 11648K, reserved 1048576K
}
Event: 20.332 GC heap before
{Heap before GC invocations=63 (full 0):
 garbage-first heap   total 172032K, used 138461K [0x00000000a0000000, 0x0000000100000000)
  region size 1024K, 34 young (34816K), 5 survivors (5120K)
 Metaspace       used 81405K, capacity 84679K, committed 84736K, reserved 1122304K
  class space    used 10647K, capacity 11732K, committed 11776K, reserved 1048576K
}
Event: 20.378 GC heap after
{Heap after GC invocations=64 (full 0):
 garbage-first heap   total 206848K, used 113346K [0x00000000a0000000, 0x0000000100000000)
  region size 1024K, 4 young (4096K), 4 survivors (4096K)
 Metaspace       used 81405K, capacity 84679K, committed 84736K, reserved 1122304K
  class space    used 10647K, capacity 11732K, committed 11776K, reserved 1048576K
}

